Name               Stmts   Miss  Cover   Missing
------------------------------------------------
main.py               78     32    59%   60-61, 77-108, 112-116
src\__init__.py        0      0   100%
src\aeroplane.py      54      7    87%   34, 42, 54, 59, 76-77, 103
src\api.py            57     30    47%   15, 54-69, 86-114, 118-119
src\logger.py         21      0   100%
src\saver.py          51      9    82%   15, 19, 42-45, 52-53, 72
------------------------------------------------
TOTAL                261     78    70%
